<?xml version="1.0" encoding="UTF-8"?>
<!-- Generated by org.testng.reporters.JUnitXMLReporter -->
<testsuite ignored="2" hostname="DESKTOP-0E1LRBH" failures="0" tests="0" time="0.033" errors="0" timestamp="2024-02-02T11:30:50 IST">
  <testcase classname="mayuriraoraneacademy.Tests.ErrorValidationsTest" name="LoginErrorValidaton" time="0.0">
    <ignored/>
  </testcase> <!-- LoginErrorValidaton -->
  <testcase classname="mayuriraoraneacademy.Tests.ErrorValidationsTest" name="ProductErrorValidaton" time="0.0">
    <ignored/>
  </testcase> <!-- ProductErrorValidaton -->
</testsuite>
