<?xml version="1.0" encoding="UTF-8"?>
<!-- Generated by org.testng.reporters.JUnitXMLReporter -->
<testsuite ignored="1" hostname="DESKTOP-0E1LRBH" failures="0" tests="2" name="Submit Order" time="54.841" errors="0" timestamp="2024-02-02T11:31:45 IST">
  <testcase classname="mayuriraoraneacademy.Tests.SubmitOrderTest" name="submitOrder" time="17.513"/>
  <testcase classname="mayuriraoraneacademy.Tests.SubmitOrderTest" name="submitOrder" time="17.211"/>
  <testcase classname="mayuriraoraneacademy.Tests.SubmitOrderTest" name="OrderHistoryTest" time="0.0">
    <ignored/>
  </testcase> <!-- OrderHistoryTest -->
</testsuite> <!-- Submit Order -->
