<?xml version="1.0" encoding="UTF-8"?>
<testng-results ignored="3" total="5" passed="2" failed="0" skipped="0">
  <reporter-output>
  </reporter-output>
  <suite started-at="2024-02-02T11:30:50 IST" name="Suite" finished-at="2024-02-02T11:31:45 IST" duration-ms="54841">
    <groups>
      <group name="Purchase">
        <method signature="SubmitOrderTest.submitOrder(java.util.HashMap)[pri:0, instance:mayuriraoraneacademy.Tests.SubmitOrderTest@4b0d79fc]" name="submitOrder" class="mayuriraoraneacademy.Tests.SubmitOrderTest"/>
      </group> <!-- Purchase -->
    </groups>
    <test started-at="2024-02-02T11:30:50 IST" name="Error Validations" finished-at="2024-02-02T11:30:50 IST" duration-ms="33">
    </test> <!-- Error Validations -->
    <test started-at="2024-02-02T11:30:50 IST" name="Submit Order" finished-at="2024-02-02T11:31:45 IST" duration-ms="54841">
      <class name="mayuriraoraneacademy.Tests.SubmitOrderTest">
        <test-method is-config="true" signature="launchApplication()[pri:0, instance:mayuriraoraneacademy.Tests.SubmitOrderTest@4b0d79fc]" started-at="2024-02-02T11:30:50 IST" name="launchApplication" finished-at="2024-02-02T11:31:00 IST" duration-ms="9423" status="PASS">
          <reporter-output>
          </reporter-output>
        </test-method> <!-- launchApplication -->
        <test-method signature="submitOrder(java.util.HashMap)[pri:0, instance:mayuriraoraneacademy.Tests.SubmitOrderTest@4b0d79fc]" started-at="2024-02-02T11:31:00 IST" name="submitOrder" data-provider="getData" finished-at="2024-02-02T11:31:17 IST" duration-ms="17513" status="PASS">
          <params>
            <param index="0">
              <value>
                <![CDATA[{Product=ZARA COAT 3, password=Mayuri@29, email=mayuri@yahoo.com}]]>
              </value>
            </param>
          </params>
          <reporter-output>
          </reporter-output>
        </test-method> <!-- submitOrder -->
        <test-method is-config="true" signature="tearDown()[pri:0, instance:mayuriraoraneacademy.Tests.SubmitOrderTest@4b0d79fc]" started-at="2024-02-02T11:31:17 IST" name="tearDown" finished-at="2024-02-02T11:31:19 IST" duration-ms="1259" status="PASS">
          <reporter-output>
          </reporter-output>
        </test-method> <!-- tearDown -->
        <test-method is-config="true" signature="launchApplication()[pri:0, instance:mayuriraoraneacademy.Tests.SubmitOrderTest@4b0d79fc]" started-at="2024-02-02T11:31:19 IST" name="launchApplication" finished-at="2024-02-02T11:31:26 IST" duration-ms="7660" status="PASS">
          <reporter-output>
          </reporter-output>
        </test-method> <!-- launchApplication -->
        <test-method signature="submitOrder(java.util.HashMap)[pri:0, instance:mayuriraoraneacademy.Tests.SubmitOrderTest@4b0d79fc]" started-at="2024-02-02T11:31:26 IST" name="submitOrder" data-provider="getData" finished-at="2024-02-02T11:31:44 IST" duration-ms="17211" status="PASS">
          <params>
            <param index="0">
              <value>
                <![CDATA[{Product=ADIDAS ORIGINAL, password=Imqueen@29, email=mr@yahoo.com}]]>
              </value>
            </param>
          </params>
          <reporter-output>
          </reporter-output>
        </test-method> <!-- submitOrder -->
        <test-method is-config="true" signature="tearDown()[pri:0, instance:mayuriraoraneacademy.Tests.SubmitOrderTest@4b0d79fc]" started-at="2024-02-02T11:31:44 IST" name="tearDown" finished-at="2024-02-02T11:31:45 IST" duration-ms="1196" status="PASS">
          <reporter-output>
          </reporter-output>
        </test-method> <!-- tearDown -->
      </class> <!-- mayuriraoraneacademy.Tests.SubmitOrderTest -->
    </test> <!-- Submit Order -->
  </suite> <!-- Suite -->
</testng-results>
